<?xml version="1.0" encoding="utf-8"?><testsuites name="pytest tests"><testsuite name="pytest" errors="0" failures="0" skipped="0" tests="8" time="3.094" timestamp="2026-09-08T15:51:16.472191+00:00" hostname="agent-env-7e38a4da-8277-4444-83d2-b391fe54bcf0"><testcase classname="tests.test_routing_match_geometry.TestValidateLoopGeometry" name="test_validate_loop_accepts_large_continuous_loop" time="0.000" /><testcase classname="tests.test_routing_match_geometry.TestRoutingMatch" name="test_match_smoke_fixture_returns_matched_geometry" time="2.430" /><testcase classname="tests.test_routing_match_geometry.TestValidateLoopGeometry" name="test_validate_loop_rejects_more_than_100k_coordinates" time="0.027" /><testcase classname="tests.test_routing_match_geometry.TestValidateLoopGeometry" name="test_validate_loop_rejects_discontinuous_segments" time="0.000" /><testcase classname="tests.test_routing_match_geometry.TestRoutingMatch" name="test_match_rejects_more_than_100_samples" time="0.089" /><testcase classname="tests.test_routing_match_geometry.TestRoutingMatch" name="test_match_rejects_non_progressive_timestamps" time="0.077" /><testcase classname="tests.test_routing_match_geometry.TestRoutingMatch" name="test_match_rejects_invalid_accuracy_bounds" time="0.078" /><testcase classname="tests.test_routing_match_geometry.TestRoutingMatch" name="test_match_rejects_far_start_anchor" time="0.081" /></testsuite></testsuites>