<?xml version="1.0" encoding="utf-8"?><testsuites name="pytest tests"><testsuite name="pytest" errors="0" failures="0" skipped="0" tests="28" time="3.209" timestamp="2026-09-03T20:22:04.493584+00:00" hostname="agent-env-7e38a4da-8277-4444-83d2-b391fe54bcf0"><testcase classname="tests.test_doggo_api.TestWalksList" name="test_list_all" time="0.367" /><testcase classname="tests.test_doggo_api.TestInteractions" name="test_rate_walk" time="0.416" /><testcase classname="tests.test_doggo_api.TestWalksList" name="test_filter_environment_forest" time="0.077" /><testcase classname="tests.test_doggo_api.TestInteractions" name="test_rate_invalid" time="0.176" /><testcase classname="tests.test_doggo_api.TestWalksList" name="test_filter_difficulty" time="0.084" /><testcase classname="tests.test_doggo_api.TestWalksList" name="test_filter_dog_freedom" time="0.077" /><testcase classname="tests.test_doggo_api.TestInteractions" name="test_add_comment" time="0.256" /><testcase classname="tests.test_doggo_api.TestWalksList" name="test_filter_max_duration" time="0.081" /><testcase classname="tests.test_doggo_api.TestWalksList" name="test_filter_min_rating" time="0.094" /><testcase classname="tests.test_doggo_api.TestAuth" name="test_login_success" time="0.084" /><testcase classname="tests.test_doggo_api.TestInteractions" name="test_empty_comment_rejected" time="0.172" /><testcase classname="tests.test_doggo_api.TestAuth" name="test_login_bad_password" time="0.079" /><testcase classname="tests.test_doggo_api.TestAuth" name="test_register_and_me" time="0.250" /><testcase classname="tests.test_doggo_api.TestInteractions" name="test_add_hazard_and_confirm_resolve" time="0.386" /><testcase classname="tests.test_doggo_api.TestAuth" name="test_register_duplicate" time="0.084" /><testcase classname="tests.test_doggo_api.TestAuth" name="test_me_unauthorized" time="0.084" /><testcase classname="tests.test_doggo_api.TestWalkDetail" name="test_get_walk_detail" time="0.167" /><testcase classname="tests.test_doggo_api.TestInteractions" name="test_confirm_walk_accurate" time="0.177" /><testcase classname="tests.test_doggo_api.TestWalkDetail" name="test_get_walk_not_found" time="0.114" /><testcase classname="tests.test_doggo_api.TestInteractions" name="test_confirm_walk_change" time="0.208" /><testcase classname="tests.test_doggo_api.TestCreateWalk" name="test_create_walk_auto_distance" time="0.241" /><testcase classname="tests.test_doggo_api.TestProfile" name="test_my_walks" time="0.097" /><testcase classname="tests.test_doggo_api.TestCreateWalk" name="test_create_walk_requires_auth" time="0.079" /><testcase classname="tests.test_doggo_api.TestProfile" name="test_my_activity" time="0.118" /><testcase classname="tests.test_doggo_api.TestRoutingSnap" name="test_snap_two_points" time="0.709" /><testcase classname="tests.test_doggo_api.TestSeededWalksOsrm" name="test_seed_produced_dense_segments" time="0.682" /><testcase classname="tests.test_doggo_api.TestRoutingSnap" name="test_snap_needs_two_points" time="0.072" /><testcase classname="tests.test_doggo_api.TestSeededWalksOsrm" name="test_seeded_walk_detail_enriched" time="0.188" /></testsuite></testsuites>