<?xml version="1.0" encoding="utf-8"?><testsuites name="pytest tests"><testsuite name="pytest" errors="0" failures="0" skipped="1" tests="1" time="0.397" timestamp="2026-09-08T15:49:35.774604+00:00" hostname="agent-env-7e38a4da-8277-4444-83d2-b391fe54bcf0"><testcase classname="" name="tests.test_doggo_api" time="0.000"><skipped message="collection skipped">('/app/backend/tests/test_doggo_api.py', 9, 'Skipped: EXPO_PUBLIC_BACKEND_URL is required for API tests')</skipped></testcase></testsuite></testsuites>