<?xml version="1.0" encoding="utf-8"?><testsuites name="pytest tests"><testsuite name="pytest" errors="0" failures="0" skipped="0" tests="28" time="3.235" timestamp="2026-09-03T19:18:08.280451+00:00" hostname="agent-env-7e38a4da-8277-4444-83d2-b391fe54bcf0"><testcase classname="tests.test_doggo_api.TestWalksList" name="test_list_all" time="0.279" /><testcase classname="tests.test_doggo_api.TestWalksList" name="test_filter_environment_forest" time="0.088" /><testcase classname="tests.test_doggo_api.TestInteractions" name="test_rate_walk" time="0.517" /><testcase classname="tests.test_doggo_api.TestWalksList" name="test_filter_difficulty" time="0.085" /><testcase classname="tests.test_doggo_api.TestWalksList" name="test_filter_dog_freedom" time="0.097" /><testcase classname="tests.test_doggo_api.TestInteractions" name="test_rate_invalid" time="0.186" /><testcase classname="tests.test_doggo_api.TestWalksList" name="test_filter_max_duration" time="0.106" /><testcase classname="tests.test_doggo_api.TestWalksList" name="test_filter_min_rating" time="0.097" /><testcase classname="tests.test_doggo_api.TestInteractions" name="test_add_comment" time="0.266" /><testcase classname="tests.test_doggo_api.TestAuth" name="test_login_success" time="0.086" /><testcase classname="tests.test_doggo_api.TestAuth" name="test_login_bad_password" time="0.132" /><testcase classname="tests.test_doggo_api.TestInteractions" name="test_empty_comment_rejected" time="0.183" /><testcase classname="tests.test_doggo_api.TestAuth" name="test_register_and_me" time="0.201" /><testcase classname="tests.test_doggo_api.TestInteractions" name="test_add_hazard_and_confirm_resolve" time="0.388" /><testcase classname="tests.test_doggo_api.TestAuth" name="test_register_duplicate" time="0.132" /><testcase classname="tests.test_doggo_api.TestAuth" name="test_me_unauthorized" time="0.079" /><testcase classname="tests.test_doggo_api.TestWalkDetail" name="test_get_walk_detail" time="0.198" /><testcase classname="tests.test_doggo_api.TestInteractions" name="test_confirm_walk_accurate" time="0.196" /><testcase classname="tests.test_doggo_api.TestWalkDetail" name="test_get_walk_not_found" time="0.081" /><testcase classname="tests.test_doggo_api.TestInteractions" name="test_confirm_walk_change" time="0.198" /><testcase classname="tests.test_doggo_api.TestCreateWalk" name="test_create_walk_auto_distance" time="0.293" /><testcase classname="tests.test_doggo_api.TestProfile" name="test_my_walks" time="0.112" /><testcase classname="tests.test_doggo_api.TestCreateWalk" name="test_create_walk_requires_auth" time="0.125" /><testcase classname="tests.test_doggo_api.TestProfile" name="test_my_activity" time="0.079" /><testcase classname="tests.test_doggo_api.TestRoutingSnap" name="test_snap_two_points" time="0.600" /><testcase classname="tests.test_doggo_api.TestSeededWalksOsrm" name="test_seed_produced_dense_segments" time="0.546" /><testcase classname="tests.test_doggo_api.TestSeededWalksOsrm" name="test_seeded_walk_detail_enriched" time="0.196" /><testcase classname="tests.test_doggo_api.TestRoutingSnap" name="test_snap_needs_two_points" time="0.122" /></testsuite></testsuites>